
> Task :app:dependencies

------------------------------------------------------------
Project ':app'
------------------------------------------------------------

debugCompileClasspath - Compile classpath for '/debug'.
+--- androidx.databinding:viewbinding:8.2.2
|    \--- androidx.annotation:annotation:1.0.0 -> 1.8.2
|         \--- androidx.annotation:annotation-jvm:1.8.2
|              \--- org.jetbrains.kotlin:kotlin-stdlib:1.7.10 -> 2.1.0
|                   +--- org.jetbrains:annotations:13.0 -> 23.0.0
|                   +--- org.jetbrains.kotlin:kotlin-stdlib-jdk8:1.8.0 -> 1.9.10 (c)
|                   +--- org.jetbrains.kotlin:kotlin-stdlib-jdk7:1.8.0 -> 1.9.10 (c)
|                   \--- org.jetbrains.kotlin:kotlin-stdlib-common:2.1.0 (c)
+--- org.jetbrains.kotlin:kotlin-stdlib:2.1.0 (*)
+--- androidx.databinding:viewbinding:{strictly 8.2.2} -> 8.2.2 (c)
+--- org.jetbrains.kotlin:kotlin-stdlib:{strictly 2.1.0} -> 2.1.0 (c)
+--- androidx.core:core-ktx:1.12.0
|    +--- androidx.annotation:annotation:1.1.0 -> 1.8.2 (*)
|    +--- androidx.core:core:1.12.0
|    |    +--- androidx.annotation:annotation:1.6.0 -> 1.8.2 (*)
|    |    +--- androidx.annotation:annotation-experimental:1.3.0
|    |    |    \--- org.jetbrains.kotlin:kotlin-stdlib:1.7.10 -> 2.1.0 (*)
|    |    +--- androidx.lifecycle:lifecycle-runtime:2.3.1 -> 2.7.0
|    |    |    +--- androidx.annotation:annotation:1.1.0 -> 1.8.2 (*)
|    |    |    +--- androidx.arch.core:core-common:2.2.0
|    |    |    |    \--- androidx.annotation:annotation:1.1.0 -> 1.8.2 (*)
|    |    |    +--- androidx.lifecycle:lifecycle-common:2.7.0
|    |    |    |    +--- androidx.annotation:annotation:1.1.0 -> 1.8.2 (*)
|    |    |    |    +--- org.jetbrains.kotlin:kotlin-stdlib:1.8.22 -> 2.1.0 (*)
|    |    |    |    +--- org.jetbrains.kotlinx:kotlinx-coroutines-android:1.7.1 -> 1.9.0
|    |    |    |    |    +--- org.jetbrains.kotlinx:kotlinx-coroutines-core:1.9.0
|    |    |    |    |    |    \--- org.jetbrains.kotlinx:kotlinx-coroutines-core-jvm:1.9.0
|    |    |    |    |    |         +--- org.jetbrains:annotations:23.0.0
|    |    |    |    |    |         +--- org.jetbrains.kotlinx:kotlinx-coroutines-bom:1.9.0
|    |    |    |    |    |         |    +--- org.jetbrains.kotlinx:kotlinx-coroutines-android:1.9.0 (c)
|    |    |    |    |    |         |    +--- org.jetbrains.kotlinx:kotlinx-coroutines-core-jvm:1.9.0 (c)
|    |    |    |    |    |         |    +--- org.jetbrains.kotlinx:kotlinx-coroutines-core:1.9.0 (c)
|    |    |    |    |    |         |    \--- org.jetbrains.kotlinx:kotlinx-coroutines-play-services:1.9.0 (c)
|    |    |    |    |    |         \--- org.jetbrains.kotlin:kotlin-stdlib:2.0.0 -> 2.1.0 (*)
|    |    |    |    |    +--- org.jetbrains.kotlinx:kotlinx-coroutines-bom:1.9.0 (*)
|    |    |    |    |    \--- org.jetbrains.kotlin:kotlin-stdlib:2.0.0 -> 2.1.0 (*)
|    |    |    |    +--- org.jetbrains.kotlinx:kotlinx-coroutines-core:1.7.1 -> 1.9.0 (*)
|    |    |    |    +--- androidx.lifecycle:lifecycle-livedata:2.7.0 (c)
|    |    |    |    +--- androidx.lifecycle:lifecycle-livedata-core:2.7.0 (c)
|    |    |    |    +--- androidx.lifecycle:lifecycle-runtime:2.7.0 (c)
|    |    |    |    +--- androidx.lifecycle:lifecycle-runtime-ktx:2.7.0 (c)
|    |    |    |    +--- androidx.lifecycle:lifecycle-viewmodel:2.7.0 (c)
|    |    |    |    +--- androidx.lifecycle:lifecycle-viewmodel-ktx:2.7.0 (c)
|    |    |    |    +--- androidx.lifecycle:lifecycle-viewmodel-savedstate:2.7.0 (c)
|    |    |    |    \--- androidx.lifecycle:lifecycle-livedata-core-ktx:2.7.0 (c)
|    |    |    +--- org.jetbrains.kotlin:kotlin-stdlib:1.8.22 -> 2.1.0 (*)
|    |    |    +--- androidx.lifecycle:lifecycle-common:2.7.0 (c)
|    |    |    +--- androidx.lifecycle:lifecycle-livedata-core:2.7.0 (c)
|    |    |    +--- androidx.lifecycle:lifecycle-runtime-ktx:2.7.0 (c)
|    |    |    +--- androidx.lifecycle:lifecycle-viewmodel:2.7.0 (c)
|    |    |    +--- androidx.lifecycle:lifecycle-viewmodel-ktx:2.7.0 (c)
|    |    |    +--- androidx.lifecycle:lifecycle-viewmodel-savedstate:2.7.0 (c)
|    |    |    +--- androidx.lifecycle:lifecycle-livedata:2.7.0 (c)
|    |    |    \--- androidx.lifecycle:lifecycle-livedata-core-ktx:2.7.0 (c)
|    |    \--- androidx.versionedparcelable:versionedparcelable:1.1.1
|    |         +--- androidx.annotation:annotation:1.1.0 -> 1.8.2 (*)
|    |         \--- androidx.collection:collection:1.0.0 -> 1.1.0
|    |              \--- androidx.annotation:annotation:1.1.0 -> 1.8.2 (*)
|    \--- org.jetbrains.kotlin:kotlin-stdlib:1.8.22 -> 2.1.0 (*)
+--- androidx.appcompat:appcompat:1.6.1
|    +--- androidx.activity:activity:1.6.0 -> 1.8.2
|    |    +--- androidx.annotation:annotation:1.1.0 -> 1.8.2 (*)
|    |    +--- androidx.core:core:1.8.0 -> 1.12.0 (*)
|    |    +--- androidx.lifecycle:lifecycle-runtime:2.6.1 -> 2.7.0 (*)
|    |    +--- androidx.lifecycle:lifecycle-viewmodel:2.6.1 -> 2.7.0
|    |    |    +--- androidx.annotation:annotation:1.1.0 -> 1.8.2 (*)
|    |    |    +--- org.jetbrains.kotlin:kotlin-stdlib:1.8.22 -> 2.1.0 (*)
|    |    |    +--- androidx.lifecycle:lifecycle-common:2.7.0 (c)
|    |    |    +--- androidx.lifecycle:lifecycle-livedata-core:2.7.0 (c)
|    |    |    +--- androidx.lifecycle:lifecycle-runtime:2.7.0 (c)
|    |    |    +--- androidx.lifecycle:lifecycle-runtime-ktx:2.7.0 (c)
|    |    |    +--- androidx.lifecycle:lifecycle-viewmodel-ktx:2.7.0 (c)
|    |    |    +--- androidx.lifecycle:lifecycle-viewmodel-savedstate:2.7.0 (c)
|    |    |    +--- androidx.lifecycle:lifecycle-livedata:2.7.0 (c)
|    |    |    \--- androidx.lifecycle:lifecycle-livedata-core-ktx:2.7.0 (c)
|    |    +--- androidx.lifecycle:lifecycle-viewmodel-savedstate:2.6.1 -> 2.7.0
|    |    |    +--- androidx.annotation:annotation:1.0.0 -> 1.8.2 (*)
|    |    |    +--- androidx.core:core-ktx:1.2.0 -> 1.12.0 (*)
|    |    |    +--- androidx.lifecycle:lifecycle-livedata-core:2.7.0
|    |    |    |    +--- androidx.lifecycle:lifecycle-common:2.7.0 (*)
|    |    |    |    +--- org.jetbrains.kotlin:kotlin-stdlib:1.8.22 -> 2.1.0 (*)
|    |    |    |    +--- androidx.lifecycle:lifecycle-common:2.7.0 (c)
|    |    |    |    +--- androidx.lifecycle:lifecycle-runtime:2.7.0 (c)
|    |    |    |    +--- androidx.lifecycle:lifecycle-runtime-ktx:2.7.0 (c)
|    |    |    |    +--- androidx.lifecycle:lifecycle-viewmodel:2.7.0 (c)
|    |    |    |    +--- androidx.lifecycle:lifecycle-viewmodel-ktx:2.7.0 (c)
|    |    |    |    +--- androidx.lifecycle:lifecycle-viewmodel-savedstate:2.7.0 (c)
|    |    |    |    +--- androidx.lifecycle:lifecycle-livedata:2.7.0 (c)
|    |    |    |    \--- androidx.lifecycle:lifecycle-livedata-core-ktx:2.7.0 (c)
|    |    |    +--- androidx.lifecycle:lifecycle-viewmodel:2.7.0 (*)
|    |    |    +--- androidx.savedstate:savedstate:1.2.1
|    |    |    |    +--- androidx.annotation:annotation:1.1.0 -> 1.8.2 (*)
|    |    |    |    +--- org.jetbrains.kotlin:kotlin-stdlib:1.8.10 -> 2.1.0 (*)
|    |    |    |    \--- androidx.savedstate:savedstate-ktx:1.2.1 (c)
|    |    |    +--- org.jetbrains.kotlin:kotlin-stdlib:1.8.22 -> 2.1.0 (*)
|    |    |    +--- org.jetbrains.kotlinx:kotlinx-coroutines-android:1.7.1 -> 1.9.0 (*)
|    |    |    +--- androidx.lifecycle:lifecycle-common:2.7.0 (c)
|    |    |    +--- androidx.lifecycle:lifecycle-livedata-core:2.7.0 (c)
|    |    |    +--- androidx.lifecycle:lifecycle-runtime:2.7.0 (c)
|    |    |    +--- androidx.lifecycle:lifecycle-runtime-ktx:2.7.0 (c)
|    |    |    +--- androidx.lifecycle:lifecycle-viewmodel:2.7.0 (c)
|    |    |    +--- androidx.lifecycle:lifecycle-viewmodel-ktx:2.7.0 (c)
|    |    |    +--- androidx.lifecycle:lifecycle-livedata:2.7.0 (c)
|    |    |    \--- androidx.lifecycle:lifecycle-livedata-core-ktx:2.7.0 (c)
|    |    +--- androidx.savedstate:savedstate:1.2.1 (*)
|    |    +--- org.jetbrains.kotlin:kotlin-stdlib:1.8.22 -> 2.1.0 (*)
|    |    \--- androidx.activity:activity-ktx:1.8.2 (c)
|    +--- androidx.annotation:annotation:1.3.0 -> 1.8.2 (*)
|    +--- androidx.appcompat:appcompat-resources:1.6.1
|    |    +--- androidx.annotation:annotation:1.2.0 -> 1.8.2 (*)
|    |    +--- androidx.core:core:1.6.0 -> 1.12.0 (*)
|    |    +--- androidx.vectordrawable:vectordrawable:1.1.0
|    |    |    +--- androidx.annotation:annotation:1.1.0 -> 1.8.2 (*)
|    |    |    +--- androidx.core:core:1.1.0 -> 1.12.0 (*)
|    |    |    \--- androidx.collection:collection:1.1.0 (*)
|    |    \--- androidx.vectordrawable:vectordrawable-animated:1.1.0
|    |         +--- androidx.vectordrawable:vectordrawable:1.1.0 (*)
|    |         +--- androidx.interpolator:interpolator:1.0.0
|    |         |    \--- androidx.annotation:annotation:1.0.0 -> 1.8.2 (*)
|    |         \--- androidx.collection:collection:1.1.0 (*)
|    +--- androidx.core:core:1.9.0 -> 1.12.0 (*)
|    +--- androidx.cursoradapter:cursoradapter:1.0.0
|    |    \--- androidx.annotation:annotation:1.0.0 -> 1.8.2 (*)
|    +--- androidx.drawerlayout:drawerlayout:1.0.0 -> 1.1.1
|    |    +--- androidx.annotation:annotation:1.1.0 -> 1.8.2 (*)
|    |    +--- androidx.core:core:1.2.0 -> 1.12.0 (*)
|    |    \--- androidx.customview:customview:1.1.0
|    |         +--- androidx.annotation:annotation:1.1.0 -> 1.8.2 (*)
|    |         \--- androidx.core:core:1.3.0 -> 1.12.0 (*)
|    +--- androidx.fragment:fragment:1.3.6
|    |    +--- androidx.annotation:annotation:1.1.0 -> 1.8.2 (*)
|    |    +--- androidx.core:core:1.2.0 -> 1.12.0 (*)
|    |    +--- androidx.collection:collection:1.1.0 (*)
|    |    +--- androidx.viewpager:viewpager:1.0.0
|    |    |    +--- androidx.annotation:annotation:1.0.0 -> 1.8.2 (*)
|    |    |    +--- androidx.core:core:1.0.0 -> 1.12.0 (*)
|    |    |    \--- androidx.customview:customview:1.0.0 -> 1.1.0 (*)
|    |    +--- androidx.loader:loader:1.0.0
|    |    |    +--- androidx.annotation:annotation:1.0.0 -> 1.8.2 (*)
|    |    |    +--- androidx.core:core:1.0.0 -> 1.12.0 (*)
|    |    |    +--- androidx.lifecycle:lifecycle-livedata:2.0.0 -> 2.7.0
|    |    |    |    +--- androidx.arch.core:core-runtime:2.2.0
|    |    |    |    |    +--- androidx.annotation:annotation:1.1.0 -> 1.8.2 (*)
|    |    |    |    |    \--- androidx.arch.core:core-common:2.2.0 (*)
|    |    |    |    +--- androidx.lifecycle:lifecycle-livedata-core:2.7.0 (*)
|    |    |    |    +--- androidx.lifecycle:lifecycle-livedata-core-ktx:2.7.0
|    |    |    |    |    +--- androidx.lifecycle:lifecycle-livedata-core:2.7.0 (*)
|    |    |    |    |    +--- org.jetbrains.kotlin:kotlin-stdlib:1.8.22 -> 2.1.0 (*)
|    |    |    |    |    +--- androidx.lifecycle:lifecycle-common:2.7.0 (c)
|    |    |    |    |    +--- androidx.lifecycle:lifecycle-livedata:2.7.0 (c)
|    |    |    |    |    +--- androidx.lifecycle:lifecycle-livedata-core:2.7.0 (c)
|    |    |    |    |    +--- androidx.lifecycle:lifecycle-runtime:2.7.0 (c)
|    |    |    |    |    +--- androidx.lifecycle:lifecycle-runtime-ktx:2.7.0 (c)
|    |    |    |    |    +--- androidx.lifecycle:lifecycle-viewmodel:2.7.0 (c)
|    |    |    |    |    +--- androidx.lifecycle:lifecycle-viewmodel-ktx:2.7.0 (c)
|    |    |    |    |    \--- androidx.lifecycle:lifecycle-viewmodel-savedstate:2.7.0 (c)
|    |    |    |    +--- org.jetbrains.kotlin:kotlin-stdlib:1.8.22 -> 2.1.0 (*)
|    |    |    |    +--- org.jetbrains.kotlinx:kotlinx-coroutines-core:1.7.1 -> 1.9.0 (*)
|    |    |    |    +--- androidx.lifecycle:lifecycle-common:2.7.0 (c)
|    |    |    |    +--- androidx.lifecycle:lifecycle-livedata-core:2.7.0 (c)
|    |    |    |    +--- androidx.lifecycle:lifecycle-livedata-core-ktx:2.7.0 (c)
|    |    |    |    +--- androidx.lifecycle:lifecycle-runtime:2.7.0 (c)
|    |    |    |    +--- androidx.lifecycle:lifecycle-runtime-ktx:2.7.0 (c)
|    |    |    |    +--- androidx.lifecycle:lifecycle-viewmodel:2.7.0 (c)
|    |    |    |    +--- androidx.lifecycle:lifecycle-viewmodel-ktx:2.7.0 (c)
|    |    |    |    \--- androidx.lifecycle:lifecycle-viewmodel-savedstate:2.7.0 (c)
|    |    |    \--- androidx.lifecycle:lifecycle-viewmodel:2.0.0 -> 2.7.0 (*)
|    |    +--- androidx.activity:activity:1.2.4 -> 1.8.2 (*)
|    |    +--- androidx.lifecycle:lifecycle-livedata-core:2.3.1 -> 2.7.0 (*)
|    |    +--- androidx.lifecycle:lifecycle-viewmodel:2.3.1 -> 2.7.0 (*)
|    |    +--- androidx.lifecycle:lifecycle-viewmodel-savedstate:2.3.1 -> 2.7.0 (*)
|    |    +--- androidx.savedstate:savedstate:1.1.0 -> 1.2.1 (*)
|    |    \--- androidx.annotation:annotation-experimental:1.0.0 -> 1.3.0 (*)
|    \--- androidx.savedstate:savedstate:1.2.0 -> 1.2.1 (*)
+--- androidx.activity:activity-ktx:1.8.2
|    +--- androidx.activity:activity:1.8.2 (*)
|    +--- androidx.core:core-ktx:1.9.0 -> 1.12.0 (*)
|    +--- androidx.lifecycle:lifecycle-runtime-ktx:2.6.1 -> 2.7.0
|    |    +--- androidx.annotation:annotation:1.0.0 -> 1.8.2 (*)
|    |    +--- androidx.lifecycle:lifecycle-runtime:2.7.0 (*)
|    |    +--- org.jetbrains.kotlin:kotlin-stdlib:1.8.22 -> 2.1.0 (*)
|    |    +--- org.jetbrains.kotlinx:kotlinx-coroutines-android:1.7.1 -> 1.9.0 (*)
|    |    +--- androidx.lifecycle:lifecycle-runtime:2.7.0 (c)
|    |    +--- androidx.lifecycle:lifecycle-viewmodel-ktx:2.7.0 (c)
|    |    +--- androidx.lifecycle:lifecycle-viewmodel:2.7.0 (c)
|    |    +--- androidx.lifecycle:lifecycle-viewmodel-savedstate:2.7.0 (c)
|    |    +--- androidx.lifecycle:lifecycle-livedata-core:2.7.0 (c)
|    |    +--- androidx.lifecycle:lifecycle-common:2.7.0 (c)
|    |    +--- androidx.lifecycle:lifecycle-livedata:2.7.0 (c)
|    |    \--- androidx.lifecycle:lifecycle-livedata-core-ktx:2.7.0 (c)
|    +--- androidx.lifecycle:lifecycle-viewmodel-ktx:2.6.1 -> 2.7.0
|    |    +--- androidx.lifecycle:lifecycle-viewmodel:2.7.0 (*)
|    |    +--- org.jetbrains.kotlin:kotlin-stdlib:1.8.22 -> 2.1.0 (*)
|    |    +--- org.jetbrains.kotlinx:kotlinx-coroutines-android:1.7.1 -> 1.9.0 (*)
|    |    +--- androidx.lifecycle:lifecycle-livedata-core:2.7.0 (c)
|    |    +--- androidx.lifecycle:lifecycle-runtime:2.7.0 (c)
|    |    +--- androidx.lifecycle:lifecycle-runtime-ktx:2.7.0 (c)
|    |    +--- androidx.lifecycle:lifecycle-viewmodel:2.7.0 (c)
|    |    +--- androidx.lifecycle:lifecycle-viewmodel-savedstate:2.7.0 (c)
|    |    +--- androidx.lifecycle:lifecycle-common:2.7.0 (c)
|    |    +--- androidx.lifecycle:lifecycle-livedata:2.7.0 (c)
|    |    \--- androidx.lifecycle:lifecycle-livedata-core-ktx:2.7.0 (c)
|    +--- androidx.savedstate:savedstate-ktx:1.2.1
|    |    +--- androidx.savedstate:savedstate:1.2.1 (*)
|    |    +--- org.jetbrains.kotlin:kotlin-stdlib:1.8.10 -> 2.1.0 (*)
|    |    \--- androidx.savedstate:savedstate:1.2.1 (c)
|    +--- org.jetbrains.kotlin:kotlin-stdlib:1.8.22 -> 2.1.0 (*)
|    \--- androidx.activity:activity:1.8.2 (c)
+--- androidx.constraintlayout:constraintlayout:2.1.4
+--- com.google.android.material:material:1.11.0
|    +--- androidx.activity:activity:1.8.0 -> 1.8.2 (*)
|    +--- androidx.annotation:annotation:1.2.0 -> 1.8.2 (*)
|    +--- androidx.appcompat:appcompat:1.6.1 (*)
|    +--- androidx.cardview:cardview:1.0.0
|    |    \--- androidx.annotation:annotation:1.0.0 -> 1.8.2 (*)
|    +--- androidx.coordinatorlayout:coordinatorlayout:1.1.0
|    |    +--- androidx.annotation:annotation:1.1.0 -> 1.8.2 (*)
|    |    +--- androidx.core:core:1.1.0 -> 1.12.0 (*)
|    |    +--- androidx.customview:customview:1.0.0 -> 1.1.0 (*)
|    |    \--- androidx.collection:collection:1.0.0 -> 1.1.0 (*)
|    +--- androidx.constraintlayout:constraintlayout:2.0.1 -> 2.1.4
|    +--- androidx.core:core:1.6.0 -> 1.12.0 (*)
|    +--- androidx.drawerlayout:drawerlayout:1.1.1 (*)
|    +--- androidx.dynamicanimation:dynamicanimation:1.0.0
|    |    +--- androidx.core:core:1.0.0 -> 1.12.0 (*)
|    |    +--- androidx.collection:collection:1.0.0 -> 1.1.0 (*)
|    |    \--- androidx.legacy:legacy-support-core-utils:1.0.0
|    |         +--- androidx.annotation:annotation:1.0.0 -> 1.8.2 (*)
|    |         +--- androidx.core:core:1.0.0 -> 1.12.0 (*)
|    |         +--- androidx.documentfile:documentfile:1.0.0
|    |         |    \--- androidx.annotation:annotation:1.0.0 -> 1.8.2 (*)
|    |         +--- androidx.loader:loader:1.0.0 (*)
|    |         +--- androidx.localbroadcastmanager:localbroadcastmanager:1.0.0
|    |         |    \--- androidx.annotation:annotation:1.0.0 -> 1.8.2 (*)
|    |         \--- androidx.print:print:1.0.0
|    |              \--- androidx.annotation:annotation:1.0.0 -> 1.8.2 (*)
|    +--- androidx.annotation:annotation-experimental:1.0.0 -> 1.3.0 (*)
|    +--- androidx.fragment:fragment:1.2.5 -> 1.3.6 (*)
|    +--- androidx.lifecycle:lifecycle-runtime:2.0.0 -> 2.7.0 (*)
|    +--- androidx.recyclerview:recyclerview:1.0.0 -> 1.1.0
|    |    +--- androidx.annotation:annotation:1.1.0 -> 1.8.2 (*)
|    |    +--- androidx.core:core:1.1.0 -> 1.12.0 (*)
|    |    +--- androidx.customview:customview:1.0.0 -> 1.1.0 (*)
|    |    \--- androidx.collection:collection:1.0.0 -> 1.1.0 (*)
|    +--- androidx.resourceinspection:resourceinspection-annotation:1.0.1
|    +--- androidx.transition:transition:1.2.0
|    |    +--- androidx.annotation:annotation:1.1.0 -> 1.8.2 (*)
|    |    +--- androidx.core:core:1.0.1 -> 1.12.0 (*)
|    |    \--- androidx.collection:collection:1.0.0 -> 1.1.0 (*)
|    +--- androidx.vectordrawable:vectordrawable:1.1.0 (*)
|    \--- androidx.viewpager2:viewpager2:1.0.0
|         +--- androidx.annotation:annotation:1.1.0 -> 1.8.2 (*)
|         +--- androidx.fragment:fragment:1.1.0 -> 1.3.6 (*)
|         +--- androidx.recyclerview:recyclerview:1.1.0 (*)
|         +--- androidx.core:core:1.1.0 -> 1.12.0 (*)
|         \--- androidx.collection:collection:1.1.0 (*)
+--- com.google.firebase:firebase-bom:34.7.0
|    +--- com.google.firebase:firebase-analytics:23.0.0 (c)
|    +--- com.google.firebase:firebase-messaging:25.0.1 (c)
|    +--- com.google.firebase:firebase-common:22.0.1 (c)
|    +--- com.google.firebase:firebase-encoders:17.0.0 (c)
|    \--- com.google.firebase:firebase-installations:19.0.1 (c)
+--- com.google.firebase:firebase-messaging -> 25.0.1
|    +--- com.google.firebase:firebase-common:22.0.1
|    |    +--- org.jetbrains.kotlinx:kotlinx-coroutines-play-services:1.9.0
|    |    |    +--- org.jetbrains.kotlinx:kotlinx-coroutines-core:1.9.0 (*)
|    |    |    +--- org.jetbrains.kotlinx:kotlinx-coroutines-bom:1.9.0 (*)
|    |    |    +--- com.google.android.gms:play-services-tasks:16.0.1 -> 18.2.0
|    |    |    |    \--- com.google.android.gms:play-services-basement:18.4.0 -> 18.5.0
|    |    |    |         +--- androidx.collection:collection:1.0.0 -> 1.1.0 (*)
|    |    |    |         +--- androidx.core:core:1.2.0 -> 1.12.0 (*)
|    |    |    |         \--- androidx.fragment:fragment:1.1.0 -> 1.3.6 (*)
|    |    |    \--- org.jetbrains.kotlin:kotlin-stdlib:2.0.0 -> 2.1.0 (*)
|    |    +--- com.google.firebase:firebase-components:19.0.0
|    |    |    \--- com.google.firebase:firebase-annotations:17.0.0
|    |    \--- com.google.firebase:firebase-annotations:17.0.0
|    +--- com.google.firebase:firebase-components:19.0.0 (*)
|    +--- com.google.firebase:firebase-datatransport:18.2.0
|    |    +--- com.google.android.datatransport:transport-api:3.0.0 -> 3.1.0
|    |    |    \--- androidx.annotation:annotation:1.1.0 -> 1.8.2 (*)
|    |    +--- com.google.android.datatransport:transport-runtime:3.1.9
|    |    |    +--- com.google.android.datatransport:transport-api:3.0.0 -> 3.1.0 (*)
|    |    |    +--- androidx.annotation:annotation:1.3.0 -> 1.8.2 (*)
|    |    |    +--- javax.inject:javax.inject:1
|    |    |    +--- com.google.firebase:firebase-encoders:17.0.0
|    |    |    |    \--- androidx.annotation:annotation:1.1.0 -> 1.8.2 (*)
|    |    |    \--- com.google.firebase:firebase-encoders-proto:16.0.0
|    |    |         +--- androidx.annotation:annotation:1.1.0 -> 1.8.2 (*)
|    |    |         \--- com.google.firebase:firebase-encoders:17.0.0 (*)
|    |    +--- com.google.android.datatransport:transport-backend-cct:3.1.9
|    |    |    +--- com.google.android.datatransport:transport-api:3.0.0 -> 3.1.0 (*)
|    |    |    +--- com.google.android.datatransport:transport-runtime:3.1.8 -> 3.1.9 (*)
|    |    |    +--- com.google.firebase:firebase-encoders:17.0.0 (*)
|    |    |    +--- com.google.firebase:firebase-encoders-json:18.0.0
|    |    |    |    +--- androidx.annotation:annotation:1.1.0 -> 1.8.2 (*)
|    |    |    |    \--- com.google.firebase:firebase-encoders:17.0.0 (*)
|    |    |    \--- androidx.annotation:annotation:1.1.0 -> 1.8.2 (*)
|    |    \--- androidx.annotation:annotation:1.1.0 -> 1.8.2 (*)
|    +--- com.google.firebase:firebase-encoders:17.0.0 (*)
|    +--- com.google.firebase:firebase-encoders-json:18.0.0 (*)
|    +--- com.google.firebase:firebase-encoders-proto:16.0.0 (*)
|    +--- com.google.firebase:firebase-iid-interop:17.1.0
|    |    +--- com.google.android.gms:play-services-basement:17.0.0 -> 18.5.0 (*)
|    |    \--- com.google.android.gms:play-services-tasks:17.0.0 -> 18.2.0 (*)
|    +--- com.google.firebase:firebase-installations:18.0.0 -> 19.0.1
|    |    +--- com.google.android.gms:play-services-tasks:18.1.0 -> 18.2.0 (*)
|    |    +--- com.google.firebase:firebase-annotations:17.0.0
|    |    +--- com.google.firebase:firebase-common:22.0.1 (*)
|    |    +--- com.google.firebase:firebase-components:19.0.0 (*)
|    |    \--- com.google.firebase:firebase-installations-interop:17.1.1
|    |         +--- com.google.android.gms:play-services-tasks:18.0.1 -> 18.2.0 (*)
|    |         \--- com.google.firebase:firebase-annotations:16.2.0 -> 17.0.0
|    +--- com.google.firebase:firebase-installations-interop:17.1.0 -> 17.1.1 (*)
|    \--- com.google.firebase:firebase-measurement-connector:19.0.0
|         +--- com.google.android.gms:play-services-basement:17.0.0 -> 18.5.0 (*)
|         \--- com.google.firebase:firebase-annotations:16.0.0 -> 17.0.0
+--- com.google.firebase:firebase-analytics -> 23.0.0
|    +--- com.google.android.gms:play-services-measurement:23.0.0
|    |    +--- androidx.collection:collection:1.0.0 -> 1.1.0 (*)
|    |    +--- androidx.legacy:legacy-support-core-utils:1.0.0 (*)
|    |    +--- com.google.android.gms:play-services-ads-identifier:18.0.0
|    |    |    \--- com.google.android.gms:play-services-basement:18.0.0 -> 18.5.0 (*)
|    |    +--- com.google.android.gms:play-services-basement:18.5.0 (*)
|    |    +--- com.google.android.gms:play-services-measurement-base:23.0.0
|    |    |    \--- com.google.android.gms:play-services-basement:18.5.0 (*)
|    |    +--- com.google.android.gms:play-services-measurement-impl:23.0.0
|    |    |    +--- androidx.collection:collection:1.0.0 -> 1.1.0 (*)
|    |    |    +--- androidx.core:core:1.9.0 -> 1.12.0 (*)
|    |    |    +--- androidx.privacysandbox.ads:ads-adservices:1.1.0-beta11
|    |    |    |    +--- androidx.annotation:annotation:1.8.1 -> 1.8.2 (*)
|    |    |    |    +--- org.jetbrains.kotlin:kotlin-stdlib:1.8.22 -> 2.1.0 (*)
|    |    |    |    +--- org.jetbrains.kotlinx:kotlinx-coroutines-core:1.7.3 -> 1.9.0 (*)
|    |    |    |    \--- androidx.privacysandbox.ads:ads-adservices-java:1.1.0-beta11 (c)
|    |    |    +--- androidx.privacysandbox.ads:ads-adservices-java:1.1.0-beta11
|    |    |    |    +--- androidx.annotation:annotation:1.8.1 -> 1.8.2 (*)
|    |    |    |    +--- com.google.guava:listenablefuture:1.0 -> 9999.0-empty-to-avoid-conflict-with-guava
|    |    |    |    +--- org.jetbrains.kotlin:kotlin-stdlib:1.8.22 -> 2.1.0 (*)
|    |    |    |    +--- org.jetbrains.kotlinx:kotlinx-coroutines-core:1.7.3 -> 1.9.0 (*)
|    |    |    |    \--- androidx.privacysandbox.ads:ads-adservices:1.1.0-beta11 (c)
|    |    |    +--- com.google.android.gms:play-services-ads-identifier:18.0.0 (*)
|    |    |    +--- com.google.android.gms:play-services-base:18.5.0
|    |    |    |    +--- androidx.collection:collection:1.0.0 -> 1.1.0 (*)
|    |    |    |    +--- androidx.core:core:1.2.0 -> 1.12.0 (*)
|    |    |    |    +--- androidx.fragment:fragment:1.0.0 -> 1.3.6 (*)
|    |    |    |    +--- com.google.android.gms:play-services-basement:18.4.0 -> 18.5.0 (*)
|    |    |    |    \--- com.google.android.gms:play-services-tasks:18.2.0 (*)
|    |    |    +--- com.google.android.gms:play-services-basement:18.5.0 (*)
|    |    |    +--- com.google.android.gms:play-services-measurement-base:23.0.0 (*)
|    |    |    +--- com.google.android.gms:play-services-stats:17.0.2
|    |    |    |    +--- androidx.legacy:legacy-support-core-utils:1.0.0 (*)
|    |    |    |    \--- com.google.android.gms:play-services-basement:18.0.0 -> 18.5.0 (*)
|    |    |    +--- com.google.android.gms:play-services-tasks:18.2.0 (*)
|    |    |    \--- com.google.guava:guava:31.1-android
|    |    |         +--- com.google.guava:failureaccess:1.0.1
|    |    |         +--- com.google.guava:listenablefuture:9999.0-empty-to-avoid-conflict-with-guava
|    |    |         +--- com.google.code.findbugs:jsr305:3.0.2
|    |    |         +--- org.checkerframework:checker-qual:3.12.0
|    |    |         +--- com.google.errorprone:error_prone_annotations:2.11.0 -> 2.26.0
|    |    |         \--- com.google.j2objc:j2objc-annotations:1.3
|    |    +--- com.google.android.gms:play-services-measurement-sdk-api:23.0.0
|    |    |    +--- com.google.android.gms:play-services-basement:18.5.0 (*)
|    |    |    \--- com.google.android.gms:play-services-measurement-base:23.0.0 (*)
|    |    \--- com.google.android.gms:play-services-stats:17.0.2 (*)
|    +--- com.google.android.gms:play-services-measurement-api:23.0.0
|    |    +--- com.google.android.gms:play-services-ads-identifier:18.0.0 (*)
|    |    +--- com.google.android.gms:play-services-basement:18.5.0 (*)
|    |    +--- com.google.android.gms:play-services-measurement-base:23.0.0 (*)
|    |    +--- com.google.android.gms:play-services-measurement-sdk-api:23.0.0 (*)
|    |    +--- com.google.android.gms:play-services-tasks:18.2.0 (*)
|    |    +--- com.google.firebase:firebase-common:21.0.0 -> 22.0.1 (*)
|    |    +--- com.google.firebase:firebase-components:18.0.0 -> 19.0.0 (*)
|    |    +--- com.google.firebase:firebase-installations:17.0.1 -> 19.0.1 (*)
|    |    +--- com.google.firebase:firebase-installations-interop:17.0.0 -> 17.1.1 (*)
|    |    +--- com.google.firebase:firebase-measurement-connector:19.0.0 (*)
|    |    +--- com.google.guava:guava:31.1-android (*)
|    |    \--- org.jetbrains.kotlin:kotlin-stdlib:2.0.21 -> 2.1.0 (*)
|    \--- com.google.android.gms:play-services-measurement-sdk:23.0.0
|         +--- androidx.collection:collection:1.0.0 -> 1.1.0 (*)
|         +--- com.google.android.gms:play-services-basement:18.5.0 (*)
|         +--- com.google.android.gms:play-services-measurement-base:23.0.0 (*)
|         \--- com.google.android.gms:play-services-measurement-impl:23.0.0 (*)
+--- com.squareup.okhttp3:okhttp:4.12.0
|    +--- com.squareup.okio:okio:3.6.0
|    |    \--- com.squareup.okio:okio-jvm:3.6.0
|    |         +--- org.jetbrains.kotlin:kotlin-stdlib-jdk8:1.9.10
|    |         |    +--- org.jetbrains.kotlin:kotlin-stdlib:1.9.10 -> 2.1.0 (*)
|    |         |    \--- org.jetbrains.kotlin:kotlin-stdlib-jdk7:1.9.10
|    |         |         \--- org.jetbrains.kotlin:kotlin-stdlib:1.9.10 -> 2.1.0 (*)
|    |         \--- org.jetbrains.kotlin:kotlin-stdlib-common:1.9.10 -> 2.1.0
|    |              \--- org.jetbrains.kotlin:kotlin-stdlib:2.1.0 (*)
|    \--- org.jetbrains.kotlin:kotlin-stdlib-jdk8:1.8.21 -> 1.9.10 (*)
+--- org.jetbrains.kotlinx:kotlinx-coroutines-android:1.7.3 -> 1.9.0 (*)
+--- org.jetbrains.kotlinx:kotlinx-coroutines-core:1.7.3 -> 1.9.0 (*)
+--- androidx.lifecycle:lifecycle-runtime-ktx:2.7.0 (*)
+--- com.squareup.retrofit2:retrofit:2.9.0
|    \--- com.squareup.okhttp3:okhttp:3.14.9 -> 4.12.0 (*)
+--- com.squareup.retrofit2:converter-gson:2.9.0
|    +--- com.squareup.retrofit2:retrofit:2.9.0 (*)
|    \--- com.google.code.gson:gson:2.8.5 -> 2.8.9
+--- com.squareup.okhttp3:logging-interceptor:4.12.0
|    +--- com.squareup.okhttp3:okhttp:4.12.0 (*)
|    \--- org.jetbrains.kotlin:kotlin-stdlib-jdk8:1.8.21 -> 1.9.10 (*)
+--- androidx.security:security-crypto:1.1.0-alpha06
|    \--- androidx.annotation:annotation:1.1.0 -> 1.8.2 (*)
+--- io.socket:socket.io-client:2.1.0
|    +--- io.socket:engine.io-client:2.1.0
|    |    +--- com.squareup.okhttp3:okhttp:3.12.12 -> 4.12.0 (*)
|    |    \--- org.json:json:20090211
|    \--- org.json:json:20090211
+--- io.getstream:stream-webrtc-android:1.2.0
|    \--- org.jetbrains.kotlin:kotlin-stdlib:2.0.20 -> 2.1.0 (*)
+--- phonepe.intentsdk.android.release:IntentSDK:5.3.0
+--- androidx.core:core-ktx:{strictly 1.12.0} -> 1.12.0 (c)
+--- androidx.appcompat:appcompat:{strictly 1.6.1} -> 1.6.1 (c)
+--- androidx.activity:activity-ktx:{strictly 1.8.2} -> 1.8.2 (c)
+--- androidx.constraintlayout:constraintlayout:{strictly 2.1.4} -> 2.1.4 (c)
+--- com.google.android.material:material:{strictly 1.11.0} -> 1.11.0 (c)
+--- com.google.firebase:firebase-bom:{strictly 34.7.0} -> 34.7.0 (c)
+--- com.google.firebase:firebase-messaging:{strictly 25.0.1} -> 25.0.1 (c)
+--- com.google.firebase:firebase-analytics:{strictly 23.0.0} -> 23.0.0 (c)
+--- com.squareup.okhttp3:okhttp:{strictly 4.12.0} -> 4.12.0 (c)
+--- org.jetbrains.kotlinx:kotlinx-coroutines-android:{strictly 1.9.0} -> 1.9.0 (c)
+--- org.jetbrains.kotlinx:kotlinx-coroutines-core:{strictly 1.9.0} -> 1.9.0 (c)
+--- androidx.lifecycle:lifecycle-runtime-ktx:{strictly 2.7.0} -> 2.7.0 (c)
+--- com.squareup.retrofit2:retrofit:{strictly 2.9.0} -> 2.9.0 (c)
+--- com.squareup.retrofit2:converter-gson:{strictly 2.9.0} -> 2.9.0 (c)
+--- com.squareup.okhttp3:logging-interceptor:{strictly 4.12.0} -> 4.12.0 (c)
+--- androidx.security:security-crypto:{strictly 1.1.0-alpha06} -> 1.1.0-alpha06 (c)
+--- io.socket:socket.io-client:{strictly 2.1.0} -> 2.1.0 (c)
+--- io.getstream:stream-webrtc-android:{strictly 1.2.0} -> 1.2.0 (c)
+--- phonepe.intentsdk.android.release:IntentSDK:{strictly 5.3.0} -> 5.3.0 (c)
+--- androidx.annotation:annotation:{strictly 1.8.2} -> 1.8.2 (c)
+--- org.jetbrains:annotations:{strictly 23.0.0} -> 23.0.0 (c)
+--- androidx.core:core:{strictly 1.12.0} -> 1.12.0 (c)
+--- androidx.activity:activity:{strictly 1.8.2} -> 1.8.2 (c)
+--- androidx.appcompat:appcompat-resources:{strictly 1.6.1} -> 1.6.1 (c)
+--- androidx.cursoradapter:cursoradapter:{strictly 1.0.0} -> 1.0.0 (c)
+--- androidx.drawerlayout:drawerlayout:{strictly 1.1.1} -> 1.1.1 (c)
+--- androidx.fragment:fragment:{strictly 1.3.6} -> 1.3.6 (c)
+--- androidx.savedstate:savedstate:{strictly 1.2.1} -> 1.2.1 (c)
+--- androidx.lifecycle:lifecycle-viewmodel-ktx:{strictly 2.7.0} -> 2.7.0 (c)
+--- androidx.savedstate:savedstate-ktx:{strictly 1.2.1} -> 1.2.1 (c)
+--- androidx.cardview:cardview:{strictly 1.0.0} -> 1.0.0 (c)
+--- androidx.coordinatorlayout:coordinatorlayout:{strictly 1.1.0} -> 1.1.0 (c)
+--- androidx.dynamicanimation:dynamicanimation:{strictly 1.0.0} -> 1.0.0 (c)
+--- androidx.annotation:annotation-experimental:{strictly 1.3.0} -> 1.3.0 (c)
+--- androidx.lifecycle:lifecycle-runtime:{strictly 2.7.0} -> 2.7.0 (c)
+--- androidx.recyclerview:recyclerview:{strictly 1.1.0} -> 1.1.0 (c)
+--- androidx.resourceinspection:resourceinspection-annotation:{strictly 1.0.1} -> 1.0.1 (c)
+--- androidx.transition:transition:{strictly 1.2.0} -> 1.2.0 (c)
+--- androidx.vectordrawable:vectordrawable:{strictly 1.1.0} -> 1.1.0 (c)
+--- androidx.viewpager2:viewpager2:{strictly 1.0.0} -> 1.0.0 (c)
+--- com.google.firebase:firebase-common:{strictly 22.0.1} -> 22.0.1 (c)
+--- com.google.firebase:firebase-components:{strictly 19.0.0} -> 19.0.0 (c)
+--- com.google.firebase:firebase-datatransport:{strictly 18.2.0} -> 18.2.0 (c)
+--- com.google.firebase:firebase-encoders:{strictly 17.0.0} -> 17.0.0 (c)
+--- com.google.firebase:firebase-encoders-json:{strictly 18.0.0} -> 18.0.0 (c)
+--- com.google.firebase:firebase-encoders-proto:{strictly 16.0.0} -> 16.0.0 (c)
+--- com.google.firebase:firebase-iid-interop:{strictly 17.1.0} -> 17.1.0 (c)
+--- com.google.firebase:firebase-installations:{strictly 19.0.1} -> 19.0.1 (c)
+--- com.google.firebase:firebase-installations-interop:{strictly 17.1.1} -> 17.1.1 (c)
+--- com.google.firebase:firebase-measurement-connector:{strictly 19.0.0} -> 19.0.0 (c)
+--- com.google.android.gms:play-services-measurement:{strictly 23.0.0} -> 23.0.0 (c)
+--- com.google.android.gms:play-services-measurement-api:{strictly 23.0.0} -> 23.0.0 (c)
+--- com.google.android.gms:play-services-measurement-sdk:{strictly 23.0.0} -> 23.0.0 (c)
+--- com.squareup.okio:okio:{strictly 3.6.0} -> 3.6.0 (c)
+--- org.jetbrains.kotlin:kotlin-stdlib-jdk8:{strictly 1.9.10} -> 1.9.10 (c)
+--- org.jetbrains.kotlinx:kotlinx-coroutines-bom:{strictly 1.9.0} -> 1.9.0 (c)
+--- org.jetbrains.kotlinx:kotlinx-coroutines-core-jvm:{strictly 1.9.0} -> 1.9.0 (c)
+--- com.google.code.gson:gson:{strictly 2.8.9} -> 2.8.9 (c)
+--- io.socket:engine.io-client:{strictly 2.1.0} -> 2.1.0 (c)
+--- org.json:json:{strictly 20090211} -> 20090211 (c)
+--- androidx.annotation:annotation-jvm:{strictly 1.8.2} -> 1.8.2 (c)
+--- androidx.versionedparcelable:versionedparcelable:{strictly 1.1.1} -> 1.1.1 (c)
+--- androidx.lifecycle:lifecycle-viewmodel:{strictly 2.7.0} -> 2.7.0 (c)
+--- androidx.lifecycle:lifecycle-viewmodel-savedstate:{strictly 2.7.0} -> 2.7.0 (c)
+--- androidx.vectordrawable:vectordrawable-animated:{strictly 1.1.0} -> 1.1.0 (c)
+--- androidx.customview:customview:{strictly 1.1.0} -> 1.1.0 (c)
+--- androidx.collection:collection:{strictly 1.1.0} -> 1.1.0 (c)
+--- androidx.viewpager:viewpager:{strictly 1.0.0} -> 1.0.0 (c)
+--- androidx.loader:loader:{strictly 1.0.0} -> 1.0.0 (c)
+--- androidx.lifecycle:lifecycle-livedata-core:{strictly 2.7.0} -> 2.7.0 (c)
+--- androidx.legacy:legacy-support-core-utils:{strictly 1.0.0} -> 1.0.0 (c)
+--- androidx.arch.core:core-common:{strictly 2.2.0} -> 2.2.0 (c)
+--- androidx.lifecycle:lifecycle-common:{strictly 2.7.0} -> 2.7.0 (c)
+--- org.jetbrains.kotlinx:kotlinx-coroutines-play-services:{strictly 1.9.0} -> 1.9.0 (c)
+--- com.google.firebase:firebase-annotations:{strictly 17.0.0} -> 17.0.0 (c)
+--- com.google.android.gms:play-services-tasks:{strictly 18.2.0} -> 18.2.0 (c)
+--- com.google.android.datatransport:transport-api:{strictly 3.1.0} -> 3.1.0 (c)
+--- com.google.android.datatransport:transport-runtime:{strictly 3.1.9} -> 3.1.9 (c)
+--- com.google.android.datatransport:transport-backend-cct:{strictly 3.1.9} -> 3.1.9 (c)
+--- com.google.android.gms:play-services-basement:{strictly 18.5.0} -> 18.5.0 (c)
+--- com.google.android.gms:play-services-ads-identifier:{strictly 18.0.0} -> 18.0.0 (c)
+--- com.google.android.gms:play-services-measurement-base:{strictly 23.0.0} -> 23.0.0 (c)
+--- com.google.android.gms:play-services-measurement-impl:{strictly 23.0.0} -> 23.0.0 (c)
+--- com.google.android.gms:play-services-measurement-sdk-api:{strictly 23.0.0} -> 23.0.0 (c)
+--- com.google.android.gms:play-services-stats:{strictly 17.0.2} -> 17.0.2 (c)
+--- com.google.guava:guava:{strictly 31.1-android} -> 31.1-android (c)
+--- com.squareup.okio:okio-jvm:{strictly 3.6.0} -> 3.6.0 (c)
+--- org.jetbrains.kotlin:kotlin-stdlib-jdk7:{strictly 1.9.10} -> 1.9.10 (c)
+--- androidx.interpolator:interpolator:{strictly 1.0.0} -> 1.0.0 (c)
+--- androidx.lifecycle:lifecycle-livedata:{strictly 2.7.0} -> 2.7.0 (c)
+--- androidx.documentfile:documentfile:{strictly 1.0.0} -> 1.0.0 (c)
+--- androidx.localbroadcastmanager:localbroadcastmanager:{strictly 1.0.0} -> 1.0.0 (c)
+--- androidx.print:print:{strictly 1.0.0} -> 1.0.0 (c)
+--- javax.inject:javax.inject:{strictly 1} -> 1 (c)
+--- androidx.privacysandbox.ads:ads-adservices:{strictly 1.1.0-beta11} -> 1.1.0-beta11 (c)
+--- androidx.privacysandbox.ads:ads-adservices-java:{strictly 1.1.0-beta11} -> 1.1.0-beta11 (c)
+--- com.google.android.gms:play-services-base:{strictly 18.5.0} -> 18.5.0 (c)
+--- com.google.guava:failureaccess:{strictly 1.0.1} -> 1.0.1 (c)
+--- com.google.guava:listenablefuture:{strictly 9999.0-empty-to-avoid-conflict-with-guava} -> 9999.0-empty-to-avoid-conflict-with-guava (c)
+--- com.google.code.findbugs:jsr305:{strictly 3.0.2} -> 3.0.2 (c)
+--- org.checkerframework:checker-qual:{strictly 3.12.0} -> 3.12.0 (c)
+--- com.google.errorprone:error_prone_annotations:{strictly 2.26.0} -> 2.26.0 (c)
+--- com.google.j2objc:j2objc-annotations:{strictly 1.3} -> 1.3 (c)
+--- org.jetbrains.kotlin:kotlin-stdlib-common:{strictly 2.1.0} -> 2.1.0 (c)
+--- androidx.arch.core:core-runtime:{strictly 2.2.0} -> 2.2.0 (c)
\--- androidx.lifecycle:lifecycle-livedata-core-ktx:{strictly 2.7.0} -> 2.7.0 (c)

(c) - A dependency constraint, not a dependency. The dependency affected by the constraint occurs elsewhere in the tree.
(*) - Indicates repeated occurrences of a transitive dependency subtree. Gradle expands transitive dependency subtrees only once per project; repeat occurrences only display the root of the subtree, followed by this annotation.

A web-based, searchable dependency report is available by adding the --scan option.

[Incubating] Problems report is available at: file:///Users/wohozo/Documents/astro5start/astroapp/android/build/reports/problems/problems-report.html

Deprecated Gradle features were used in this build, making it incompatible with Gradle 9.0.

You can use '--warning-mode all' to show the individual deprecation warnings and determine if they come from your own scripts or plugins.

For more on this, please refer to https://docs.gradle.org/8.12/userguide/command_line_interface.html#sec:command_line_warnings in the Gradle documentation.

BUILD SUCCESSFUL in 1s
1 actionable task: 1 executed
